d:\madedit-mod\minipython\pc\vs8.0\debug\vc120.pdb
d:\madedit-mod\minipython\pc\vs8.0\debug\inflate.obj
d:\madedit-mod\minipython\pc\vs8.0\debug\inffast.obj
d:\madedit-mod\minipython\pc\vs8.0\debug\infback.obj
d:\madedit-mod\minipython\pc\vs8.0\debug\gzio.obj
d:\madedit-mod\minipython\pc\vs8.0\debug\deflate.obj
d:\madedit-mod\minipython\pc\vs8.0\debug\crc32.obj
d:\madedit-mod\minipython\pc\vs8.0\debug\compress.obj
d:\madedit-mod\minipython\pc\vs8.0\debug\adler32.obj
d:\madedit-mod\minipython\pc\vs8.0\debug\zipimport.obj
d:\madedit-mod\minipython\pc\vs8.0\debug\symtablemodule.obj
d:\madedit-mod\minipython\pc\vs8.0\debug\stropmodule.obj
d:\madedit-mod\minipython\pc\vs8.0\debug\parsermodule.obj
d:\madedit-mod\minipython\pc\vs8.0\debug\mathmodule.obj
d:\madedit-mod\minipython\pc\vs8.0\debug\main.obj
d:\madedit-mod\minipython\pc\vs8.0\debug\getbuildinfo.obj
d:\madedit-mod\minipython\pc\vs8.0\debug\gcmodule.obj
d:\madedit-mod\minipython\pc\vs8.0\debug\future_builtins.obj
d:\madedit-mod\minipython\pc\vs8.0\debug\errnomodule.obj
d:\madedit-mod\minipython\pc\vs8.0\debug\_math.obj
d:\madedit-mod\minipython\pc\vs8.0\debug\_codecsmodule.obj
d:\madedit-mod\minipython\pc\vs8.0\debug\floatobject.obj
d:\madedit-mod\minipython\pc\vs8.0\debug\fileobject.obj
d:\madedit-mod\minipython\pc\vs8.0\debug\exceptions.obj
d:\madedit-mod\minipython\pc\vs8.0\debug\enumobject.obj
d:\madedit-mod\minipython\pc\vs8.0\debug\dictobject.obj
d:\madedit-mod\minipython\pc\vs8.0\debug\descrobject.obj
d:\madedit-mod\minipython\pc\vs8.0\debug\complexobject.obj
d:\madedit-mod\minipython\pc\vs8.0\debug\codeobject.obj
d:\madedit-mod\minipython\pc\vs8.0\debug\cobject.obj
d:\madedit-mod\minipython\pc\vs8.0\debug\classobject.obj
d:\madedit-mod\minipython\pc\vs8.0\debug\cellobject.obj
d:\madedit-mod\minipython\pc\vs8.0\debug\capsule.obj
d:\madedit-mod\minipython\pc\vs8.0\debug\bufferobject.obj
d:\madedit-mod\minipython\pc\vs8.0\debug\boolobject.obj
d:\madedit-mod\minipython\pc\vs8.0\debug\abstract.obj
d:\madedit-mod\minipython\pc\vs8.0\debug\zlibmodule.obj
d:\madedit-mod\minipython\pc\vs8.0\debug\zutil.obj
d:\madedit-mod\minipython\pc\vs8.0\debug\uncompr.obj
d:\madedit-mod\minipython\pc\vs8.0\debug\trees.obj
d:\madedit-mod\minipython\pc\vs8.0\debug\inftrees.obj
d:\madedit-mod\minipython\pc\vs8.0\debug\unicodeobject.obj
d:\madedit-mod\minipython\pc\vs8.0\debug\unicodectype.obj
d:\madedit-mod\minipython\pc\vs8.0\debug\typeobject.obj
d:\madedit-mod\minipython\pc\vs8.0\debug\tupleobject.obj
d:\madedit-mod\minipython\pc\vs8.0\debug\structseq.obj
d:\madedit-mod\minipython\pc\vs8.0\debug\stringobject.obj
d:\madedit-mod\minipython\pc\vs8.0\debug\sliceobject.obj
d:\madedit-mod\minipython\pc\vs8.0\debug\setobject.obj
d:\madedit-mod\minipython\pc\vs8.0\debug\rangeobject.obj
d:\madedit-mod\minipython\pc\vs8.0\debug\obmalloc.obj
d:\madedit-mod\minipython\pc\vs8.0\debug\object.obj
d:\madedit-mod\minipython\pc\vs8.0\debug\moduleobject.obj
d:\madedit-mod\minipython\pc\vs8.0\debug\methodobject.obj
d:\madedit-mod\minipython\pc\vs8.0\debug\longobject.obj
d:\madedit-mod\minipython\pc\vs8.0\debug\listobject.obj
d:\madedit-mod\minipython\pc\vs8.0\debug\iterobject.obj
d:\madedit-mod\minipython\pc\vs8.0\debug\intobject.obj
d:\madedit-mod\minipython\pc\vs8.0\debug\genobject.obj
d:\madedit-mod\minipython\pc\vs8.0\debug\funcobject.obj
d:\madedit-mod\minipython\pc\vs8.0\debug\frameobject.obj
d:\madedit-mod\minipython\pc\vs8.0\debug\codecs.obj
d:\madedit-mod\minipython\pc\vs8.0\debug\ceval.obj
d:\madedit-mod\minipython\pc\vs8.0\debug\bltinmodule.obj
d:\madedit-mod\minipython\pc\vs8.0\debug\ast.obj
d:\madedit-mod\minipython\pc\vs8.0\debug\asdl.obj
d:\madedit-mod\minipython\pc\vs8.0\debug\_warnings.obj
d:\madedit-mod\minipython\pc\vs8.0\debug\python-ast.obj
d:\madedit-mod\minipython\pc\vs8.0\debug\tokenizer.obj
d:\madedit-mod\minipython\pc\vs8.0\debug\parsetok.obj
d:\madedit-mod\minipython\pc\vs8.0\debug\parser.obj
d:\madedit-mod\minipython\pc\vs8.0\debug\node.obj
d:\madedit-mod\minipython\pc\vs8.0\debug\myreadline.obj
d:\madedit-mod\minipython\pc\vs8.0\debug\metagrammar.obj
d:\madedit-mod\minipython\pc\vs8.0\debug\listnode.obj
d:\madedit-mod\minipython\pc\vs8.0\debug\grammar1.obj
d:\madedit-mod\minipython\pc\vs8.0\debug\grammar.obj
d:\madedit-mod\minipython\pc\vs8.0\debug\firstsets.obj
d:\madedit-mod\minipython\pc\vs8.0\debug\bitset.obj
d:\madedit-mod\minipython\pc\vs8.0\debug\acceler.obj
d:\madedit-mod\minipython\pc\vs8.0\debug\weakrefobject.obj
d:\madedit-mod\minipython\pc\vs8.0\debug\mysnprintf.obj
d:\madedit-mod\minipython\pc\vs8.0\debug\modsupport.obj
d:\madedit-mod\minipython\pc\vs8.0\debug\marshal.obj
d:\madedit-mod\minipython\pc\vs8.0\debug\importdl.obj
d:\madedit-mod\minipython\pc\vs8.0\debug\import.obj
d:\madedit-mod\minipython\pc\vs8.0\debug\graminit.obj
d:\madedit-mod\minipython\pc\vs8.0\debug\getversion.obj
d:\madedit-mod\minipython\pc\vs8.0\debug\getplatform.obj
d:\madedit-mod\minipython\pc\vs8.0\debug\getopt.obj
d:\madedit-mod\minipython\pc\vs8.0\debug\getcopyright.obj
d:\madedit-mod\minipython\pc\vs8.0\debug\getcompiler.obj
d:\madedit-mod\minipython\pc\vs8.0\debug\getargs.obj
d:\madedit-mod\minipython\pc\vs8.0\debug\future.obj
d:\madedit-mod\minipython\pc\vs8.0\debug\frozen.obj
d:\madedit-mod\minipython\pc\vs8.0\debug\formatter_unicode.obj
d:\madedit-mod\minipython\pc\vs8.0\debug\formatter_string.obj
d:\madedit-mod\minipython\pc\vs8.0\debug\errors.obj
d:\madedit-mod\minipython\pc\vs8.0\debug\dynload_win.obj
d:\madedit-mod\minipython\pc\vs8.0\debug\dtoa.obj
d:\madedit-mod\minipython\pc\vs8.0\debug\compile.obj
d:\madedit-mod\minipython\pc\vs8.0\debug\import_nt.obj
d:\madedit-mod\minipython\pc\vs8.0\debug\getpathp.obj
d:\madedit-mod\minipython\pc\vs8.0\debug\dl_nt.obj
d:\madedit-mod\minipython\pc\vs8.0\debug\config.obj
d:\madedit-mod\minipython\pc\vs8.0\debug\traceback.obj
d:\madedit-mod\minipython\pc\vs8.0\debug\thread.obj
d:\madedit-mod\minipython\pc\vs8.0\debug\sysmodule.obj
d:\madedit-mod\minipython\pc\vs8.0\debug\symtable.obj
d:\madedit-mod\minipython\pc\vs8.0\debug\structmember.obj
d:\madedit-mod\minipython\pc\vs8.0\debug\pythonrun.obj
d:\madedit-mod\minipython\pc\vs8.0\debug\pystrtod.obj
d:\madedit-mod\minipython\pc\vs8.0\debug\pystrcmp.obj
d:\madedit-mod\minipython\pc\vs8.0\debug\pystate.obj
d:\madedit-mod\minipython\pc\vs8.0\debug\pymath.obj
d:\madedit-mod\minipython\pc\vs8.0\debug\pyfpe.obj
d:\madedit-mod\minipython\pc\vs8.0\debug\pyctype.obj
d:\madedit-mod\minipython\pc\vs8.0\debug\pyarena.obj
d:\madedit-mod\minipython\pc\vs8.0\debug\peephole.obj
d:\madedit-mod\minipython\pc\vs8.0\debug\mystrtoul.obj
d:\madedit-mod\minipython\pc\vs8.0\debug\python27_d.lib
d:\madedit-mod\minipython\pc\vs8.0\debug\python_nt.res
d:\madedit-mod\minipython\pc\vs8.0\debug\python.obj
d:\madedit-mod\minipython\pc\vs8.0\debug\winmain.obj
d:\madedit-mod\minipython\pc\vs8.0\debug\python_exe.res
d:\madedit-mod\minipython\pc\vs8.0\debug\pythonw_d.pdb
d:\madedit-mod\minipython\pc\vs8.0\debug\python_d.pdb
d:\madedit-mod\minipython\pc\vs8.0\debug\python.sbr
d:\madedit-mod\minipython\pc\vs8.0\debug\pythoncore.tlog\cl.command.1.tlog
d:\madedit-mod\minipython\pc\vs8.0\debug\pythoncore.tlog\cl.read.1.tlog
d:\madedit-mod\minipython\pc\vs8.0\debug\pythoncore.tlog\cl.write.1.tlog
d:\madedit-mod\minipython\pc\vs8.0\debug\pythoncore.tlog\lib-link-cvtres.write.1.tlog
d:\madedit-mod\minipython\pc\vs8.0\debug\pythoncore.tlog\lib.command.1.tlog
d:\madedit-mod\minipython\pc\vs8.0\debug\pythoncore.tlog\lib.read.1.tlog
d:\madedit-mod\minipython\pc\vs8.0\debug\pythoncore.tlog\rc.command.1.tlog
d:\madedit-mod\minipython\pc\vs8.0\debug\pythoncore.tlog\rc.read.1.tlog
d:\madedit-mod\minipython\pc\vs8.0\debug\pythoncore.tlog\rc.write.1.tlog
